tunnel/build/intermediates/manifest_merge_blame_file/debug/processDebugManifest/manifest-merger-blame-debug-report.txt
1<?xml version="1.0" encoding="utf-8"?>
2<manifest xmlns:android="http://schemas.android.com/apk/res/android"
3    package="com.wireguard.android.tunnel" >
4
5    <uses-sdk android:minSdkVersion="21" />
6
7    <application>
7-->src/main/AndroidManifest.xml:4:5-13:19
8        <service
8-->src/main/AndroidManifest.xml:5:9-12:19
9            android:name="com.wireguard.android.backend.GoBackend$VpnService"
9-->src/main/AndroidManifest.xml:6:13-78
10            android:exported="false"
10-->src/main/AndroidManifest.xml:8:13-37
11            android:permission="android.permission.BIND_VPN_SERVICE" >
11-->src/main/AndroidManifest.xml:7:13-69
12            <intent-filter>
12-->src/main/AndroidManifest.xml:9:13-11:29
13                <action android:name="android.net.VpnService" />
13-->src/main/AndroidManifest.xml:10:17-65
13-->src/main/AndroidManifest.xml:10:25-62
14            </intent-filter>
15        </service>
16    </application>
17
18</manifest>